<?xml version="1.0" encoding="UTF-8"?>
<testng-results skipped="0" failed="0" total="4" passed="4">
  <reporter-output>
  </reporter-output>
  <suite name="Suite 1" duration-ms="55098" started-at="2013-10-23T21:36:49Z" finished-at="2013-10-23T21:37:44Z">
    <groups>
    </groups>
    <test name="testNG test1" duration-ms="55098" started-at="2013-10-23T21:36:49Z" finished-at="2013-10-23T21:37:44Z">
      <class name="com.epam.reutska.googleCom.SendMessageTest">
        <test-method status="PASS" signature="setUp()[pri:0, instance:com.epam.reutska.googleCom.SendMessageTest@213651ed]" name="setUp" is-config="true" duration-ms="302" started-at="2013-10-24T00:37:28Z" finished-at="2013-10-24T00:37:28Z">
          <reporter-output>
          </reporter-output>
        </test-method> <!-- setUp -->
        <test-method status="PASS" signature="testGooglecom()[pri:0, instance:com.epam.reutska.googleCom.SendMessageTest@213651ed]" name="testGooglecom" duration-ms="11515" started-at="2013-10-24T00:37:28Z" finished-at="2013-10-24T00:37:40Z">
          <reporter-output>
          </reporter-output>
        </test-method> <!-- testGooglecom -->
      </class> <!-- com.epam.reutska.googleCom.SendMessageTest -->
      <class name="com.epam.reutska.googleCom.CheckMessageTest">
        <test-method status="PASS" signature="setUp()[pri:0, instance:com.epam.reutska.googleCom.CheckMessageTest@6162db76]" name="setUp" is-config="true" duration-ms="30" started-at="2013-10-24T00:37:40Z" finished-at="2013-10-24T00:37:40Z">
          <reporter-output>
          </reporter-output>
        </test-method> <!-- setUp -->
        <test-method status="PASS" signature="testGooglecom()[pri:0, instance:com.epam.reutska.googleCom.CheckMessageTest@6162db76]" name="testGooglecom" duration-ms="2950" started-at="2013-10-24T00:37:40Z" finished-at="2013-10-24T00:37:43Z">
          <reporter-output>
          </reporter-output>
        </test-method> <!-- testGooglecom -->
      </class> <!-- com.epam.reutska.googleCom.CheckMessageTest -->
      <class name="com.epam.reutska.googleCom.LoginTest">
        <test-method status="PASS" signature="setUp()[pri:0, instance:com.epam.reutska.googleCom.LoginTest@5a538af7]" name="setUp" is-config="true" duration-ms="18732" started-at="2013-10-24T00:36:49Z" finished-at="2013-10-24T00:37:08Z">
          <reporter-output>
          </reporter-output>
        </test-method> <!-- setUp -->
        <test-method status="PASS" signature="testGooglecom()[pri:0, instance:com.epam.reutska.googleCom.LoginTest@5a538af7]" name="testGooglecom" duration-ms="20285" started-at="2013-10-24T00:37:08Z" finished-at="2013-10-24T00:37:28Z">
          <reporter-output>
          </reporter-output>
        </test-method> <!-- testGooglecom -->
      </class> <!-- com.epam.reutska.googleCom.LoginTest -->
      <class name="com.epam.reutska.googleCom.LogoutTest">
        <test-method status="PASS" signature="setUp()[pri:0, instance:com.epam.reutska.googleCom.LogoutTest@25844fbe]" name="setUp" is-config="true" duration-ms="52" started-at="2013-10-24T00:37:43Z" finished-at="2013-10-24T00:37:43Z">
          <reporter-output>
          </reporter-output>
        </test-method> <!-- setUp -->
        <test-method status="PASS" signature="testGooglecom()[pri:0, instance:com.epam.reutska.googleCom.LogoutTest@25844fbe]" name="testGooglecom" duration-ms="1212" started-at="2013-10-24T00:37:43Z" finished-at="2013-10-24T00:37:44Z">
          <reporter-output>
          </reporter-output>
        </test-method> <!-- testGooglecom -->
      </class> <!-- com.epam.reutska.googleCom.LogoutTest -->
    </test> <!-- testNG test1 -->
  </suite> <!-- Suite 1 -->
</testng-results>
