<?xml version="1.0" encoding="UTF-8"?>
<!-- Generated by org.testng.reporters.JUnitXMLReporter -->
<testsuite hostname="BestPC" name="testNG test1" tests="4" failures="0" timestamp="23 Oct 2013 21:37:44 GMT" time="55.098" errors="0">
  <testcase name="testGooglecom" time="20.285" classname="com.epam.reutska.googleCom.LoginTest"/>
  <testcase name="testGooglecom" time="11.515" classname="com.epam.reutska.googleCom.SendMessageTest"/>
  <testcase name="testGooglecom" time="2.95" classname="com.epam.reutska.googleCom.CheckMessageTest"/>
  <testcase name="testGooglecom" time="1.212" classname="com.epam.reutska.googleCom.LogoutTest"/>
</testsuite> <!-- testNG test1 -->
